Smarthome/proguard/seeds.txt
android.support.v4.app.Fragment$SavedState
android.support.v4.app.Fragment$SavedState: android.os.Parcelable$Creator CREATOR
android.support.v4.app.FragmentActivity
android.support.v4.app.FragmentActivity: FragmentActivity()
android.support.v4.app.FragmentActivity: void setEnterSharedElementCallback(android.support.v4.app.SharedElementCallback)
android.support.v4.app.FragmentActivity: void setExitSharedElementCallback(android.support.v4.app.SharedElementCallback)
android.support.v4.app.FragmentManagerState
android.support.v4.app.FragmentManagerState: android.os.Parcelable$Creator CREATOR
android.support.v4.app.FragmentState
android.support.v4.app.FragmentState: android.os.Parcelable$Creator CREATOR
android.support.v4.app.FragmentTabHost
android.support.v4.app.FragmentTabHost: FragmentTabHost(android.content.Context,android.util.AttributeSet)
android.support.v4.app.FragmentTabHost$SavedState
android.support.v4.app.FragmentTabHost$SavedState: android.os.Parcelable$Creator CREATOR
android.support.v4.app.FragmentTransaction$Transit
android.support.v4.app.INotificationSideChannel
android.support.v4.app.INotificationSideChannel: void notify(java.lang.String,int,java.lang.String,android.app.Notification)
android.support.v4.app.INotificationSideChannel: void cancel(java.lang.String,int,java.lang.String)
android.support.v4.app.INotificationSideChannel: void cancelAll(java.lang.String)
android.support.v4.app.INotificationSideChannel$Stub
android.support.v4.app.INotificationSideChannel$Stub: java.lang.String DESCRIPTOR
android.support.v4.app.INotificationSideChannel$Stub: int TRANSACTION_notify
android.support.v4.app.INotificationSideChannel$Stub: int TRANSACTION_cancel
android.support.v4.app.INotificationSideChannel$Stub: int TRANSACTION_cancelAll
android.support.v4.app.INotificationSideChannel$Stub: INotificationSideChannel$Stub()
android.support.v4.app.INotificationSideChannel$Stub: android.support.v4.app.INotificationSideChannel asInterface(android.os.IBinder)
android.support.v4.app.INotificationSideChannel$Stub: android.os.IBinder asBinder()
android.support.v4.app.INotificationSideChannel$Stub: boolean onTransact(int,android.os.Parcel,android.os.Parcel,int)
android.support.v4.app.INotificationSideChannel$Stub$Proxy
android.support.v4.app.INotificationSideChannel$Stub$Proxy: android.os.IBinder mRemote
android.support.v4.app.INotificationSideChannel$Stub$Proxy: INotificationSideChannel$Stub$Proxy(android.os.IBinder)
android.support.v4.app.INotificationSideChannel$Stub$Proxy: android.os.IBinder asBinder()
android.support.v4.app.INotificationSideChannel$Stub$Proxy: java.lang.String getInterfaceDescriptor()
android.support.v4.app.INotificationSideChannel$Stub$Proxy: void notify(java.lang.String,int,java.lang.String,android.app.Notification)
android.support.v4.app.INotificationSideChannel$Stub$Proxy: void cancel(java.lang.String,int,java.lang.String)
android.support.v4.app.INotificationSideChannel$Stub$Proxy: void cancelAll(java.lang.String)
android.support.v4.app.NotificationCompatSideChannelService