Smarthome/proguard/mapping.txt
org.xutils.image.ReusableGifDrawable -> org.xutils.image.l:
    org.xutils.image.MemCacheKey key -> a
    org.xutils.image.MemCacheKey getMemCacheKey() -> getMemCacheKey
    void setMemCacheKey(org.xutils.image.MemCacheKey) -> setMemCacheKey
org.xutils.view.DoubleKeyValueMap -> org.xutils.view.a:
    java.util.concurrent.ConcurrentHashMap k1_k2V_map -> a
    void put(java.lang.Object,java.lang.Object,java.lang.Object) -> a
    java.lang.Object get(java.lang.Object,java.lang.Object) -> a
org.xutils.view.EventListenerManager -> org.xutils.view.EventListenerManager:
    java.util.HashSet AVOID_QUICK_EVENT_SET -> a
    org.xutils.view.DoubleKeyValueMap listenerCache -> b
    void addEventMethod(org.xutils.view.ViewFinder,org.xutils.view.ViewInfo,org.xutils.view.annotation.Event,java.lang.Object,java.lang.reflect.Method) -> a
    java.util.HashSet access$000() -> a
org.xutils.view.EventListenerManager$DynamicHandler -> org.xutils.view.EventListenerManager$DynamicHandler:
    java.lang.ref.WeakReference handlerRef -> a
    java.util.HashMap methodMap -> b
    long lastClickTime -> c
    void addMethod(java.lang.String,java.lang.reflect.Method) -> addMethod
    java.lang.Object getHandler() -> getHandler
    java.lang.Object invoke(java.lang.Object,java.lang.reflect.Method,java.lang.Object[]) -> invoke
org.xutils.view.ViewFinder -> org.xutils.view.b:
    android.view.View view -> a
    android.app.Activity activity -> b
    android.view.View findViewById(int) -> a
    android.view.View findViewById(int,int) -> a
org.xutils.view.ViewInfo -> org.xutils.view.c:
    java.lang.Object value -> a
    int parentId -> b
    boolean equals(java.lang.Object) -> equals
    int hashCode() -> hashCode
org.xutils.view.ViewInjectorImpl -> org.xutils.view.ViewInjectorImpl:
    java.util.HashSet IGNORED -> a
    java.lang.Object lock -> b
    org.xutils.view.ViewInjectorImpl instance -> c
    void registerInstance() -> registerInstance
    void inject(android.view.View) -> inject
    void inject(android.app.Activity) -> inject
    void inject(java.lang.Object,android.view.View) -> inject
    android.view.View inject(java.lang.Object,android.view.LayoutInflater,android.view.ViewGroup) -> inject
    org.xutils.view.annotation.ContentView findContentView(java.lang.Class) -> a
    void injectObject(java.lang.Object,java.lang.Class,org.xutils.view.ViewFinder) -> a
org.xutils.view.annotation.ContentView -> org.xutils.view.annotation.ContentView:
    int value() -> value
org.xutils.view.annotation.Event -> org.xutils.view.annotation.Event:
    int[] value() -> value
    int[] parentId() -> parentId
    java.lang.Class type() -> type
    java.lang.String setter() -> setter
    java.lang.String method() -> method
org.xutils.view.annotation.ViewInject -> org.xutils.view.annotation.ViewInject:
    int value() -> value
    int parentId() -> parentId
org.xutils.x -> org.xutils.x:
    boolean isDebug() -> isDebug
    android.app.Application app() -> app
    org.xutils.common.TaskController task() -> task
    org.xutils.HttpManager http() -> http
    org.xutils.ImageManager image() -> image
    org.xutils.ViewInjector view() -> view
    org.xutils.DbManager getDb(org.xutils.DbManager$DaoConfig) -> getDb