Smarthome/proguard/usage.txt
android.support.v4.widget.TextViewCompat$BaseTextViewCompatImpl
android.support.v4.widget.TextViewCompat$JbMr1TextViewCompatImpl
android.support.v4.widget.TextViewCompat$JbMr2TextViewCompatImpl
android.support.v4.widget.TextViewCompat$JbTextViewCompatImpl
android.support.v4.widget.TextViewCompat$TextViewCompatImpl
android.support.v4.widget.TextViewCompatApi23
android.support.v4.widget.TextViewCompatDonut
android.support.v4.widget.TextViewCompatJb
android.support.v4.widget.TextViewCompatJbMr1
android.support.v4.widget.TextViewCompatJbMr2
android.support.v4.widget.TintableCompoundButton
android.support.v4.widget.ViewDragHelper:
    private static final java.lang.String TAG
    public static final int INVALID_POINTER
    public static final int STATE_IDLE
    public static final int STATE_DRAGGING
    public static final int STATE_SETTLING
    public static final int EDGE_LEFT
    public static final int EDGE_RIGHT
    public static final int EDGE_TOP
    public static final int EDGE_BOTTOM
    public static final int EDGE_ALL
    public static final int DIRECTION_HORIZONTAL
    public static final int DIRECTION_VERTICAL
    public static final int DIRECTION_ALL
    private static final int EDGE_SIZE
    private static final int BASE_SETTLE_DURATION
    private static final int MAX_SETTLE_DURATION
    413:413:public float getMinVelocity()
    484:484:public int getActivePointerId()
    698:709:public void flingCapturedView(int,int,int,int)
    917:936:protected boolean canScroll(android.view.View,boolean,int,int,int,int)
    1376:1382:public boolean isEdgeTouched(int)
    1396:1396:public boolean isEdgeTouched(int,int)
com.baidu.apistore.sdk.ApiStoreSDK:
    public static final java.lang.String GET
    public static final java.lang.String POST
    public ApiStoreSDK()
    public static int getConnectTimeout()
    public static int getReadTimeout()
    public static void setConnectTimeout(int)
    public static void setReadTimeout(int)
com.baidu.apistore.sdk.network.b:
    public static int getConnectTimeout()
    public static int getReadTimeout()
    public static void setConnectTimeout(int)
    public static void setReadTimeout(int)
com.baidu.location.BDLocation:
    public static final int TypeNone
    public static final int TypeGpsLocation
    public static final int TypeCriteriaException
    public static final int TypeNetWorkException
    public static final int TypeOffLineLocation
    public static final int TypeOffLineLocationFail
    public static final int TypeOffLineLocationNetworkFail
    public static final int TypeNetWorkLocation
    public static final int TypeCacheLocation
    public static final int TypeServerError
    public BDLocation(double,double,float)
    public BDLocation(java.lang.String,double,double,float,java.lang.String,java.lang.String)
    public java.lang.String toJsonString()
    public boolean isCellChangeFlag()
    public java.lang.String getTime()
    public double getAltitude()
    public void setAltitude(double)
    public float getSpeed()
    public java.lang.String getCoorType()
    public void setCoorType(java.lang.String)
    public boolean hasAltitude()
    public boolean hasSpeed()
    public boolean hasRadius()
    public com.baidu.location.BDLocation toNewLocation(java.lang.String)
    public int getSatelliteNumber()
    public float getDerect()
    public boolean hasSateNumber()
    public boolean hasPoi()
    public java.lang.String getPoi()
    public boolean hasAddr()
    public java.lang.String getAddrStr()
    public java.lang.String getCityCode()
    public java.lang.String getStreet()
    public java.lang.String getStreetNumber()
com.baidu.location.BDNotifyListener:
    public void SetNotifyLocation(double,double,float,java.lang.String)
com.baidu.location.Jni:
    Jni()